<?xml version="1.0" encoding="UTF-8"?>
<testng-results ignored="0" total="1" passed="1" failed="0" skipped="0">
  <reporter-output>
  </reporter-output>
  <suite started-at="2020-10-08T01:05:20 EDT" name="Default suite" finished-at="2020-10-08T01:05:50 EDT" duration-ms="30241">
    <groups>
    </groups>
    <test started-at="2020-10-08T01:05:20 EDT" name="Default test" finished-at="2020-10-08T01:05:50 EDT" duration-ms="30241">
      <class name="com.test.Search_GitDemo">
        <test-method is-config="true" signature="setup()[pri:0, instance:com.test.Search_GitDemo@4c1d9d4b]" started-at="2020-10-08T01:05:20 EDT" name="setup" finished-at="2020-10-08T01:05:27 EDT" duration-ms="7071" status="PASS">
          <reporter-output>
          </reporter-output>
        </test-method> <!-- setup -->
        <test-method signature="searchTest()[pri:0, instance:com.test.Search_GitDemo@4c1d9d4b]" started-at="2020-10-08T01:05:27 EDT" name="searchTest" finished-at="2020-10-08T01:05:49 EDT" duration-ms="21984" status="PASS">
          <reporter-output>
          </reporter-output>
        </test-method> <!-- searchTest -->
        <test-method is-config="true" signature="tearDown()[pri:0, instance:com.test.Search_GitDemo@4c1d9d4b]" started-at="2020-10-08T01:05:49 EDT" name="tearDown" finished-at="2020-10-08T01:05:50 EDT" duration-ms="1130" status="PASS">
          <reporter-output>
          </reporter-output>
        </test-method> <!-- tearDown -->
      </class> <!-- com.test.Search_GitDemo -->
    </test> <!-- Default test -->
  </suite> <!-- Default suite -->
</testng-results>
