<?xml version="1.0" encoding="UTF-8"?>
<testng-results ignored="0" total="1" passed="1" failed="0" skipped="0">
  <reporter-output>
  </reporter-output>
  <suite started-at="2020-10-11T00:45:28 EDT" name="Default suite" finished-at="2020-10-11T00:46:10 EDT" duration-ms="42395">
    <groups>
    </groups>
    <test started-at="2020-10-11T00:45:28 EDT" name="Default test" finished-at="2020-10-11T00:46:10 EDT" duration-ms="42395">
      <class name="com.test.Search_GitDemo">
        <test-method is-config="true" signature="setup()[pri:0, instance:com.test.Search_GitDemo@7219ec67]" started-at="2020-10-11T00:45:28 EDT" name="setup" finished-at="2020-10-11T00:45:33 EDT" duration-ms="4965" status="PASS">
          <reporter-output>
          </reporter-output>
        </test-method> <!-- setup -->
        <test-method signature="searchTest()[pri:0, instance:com.test.Search_GitDemo@7219ec67]" started-at="2020-10-11T00:45:33 EDT" name="searchTest" finished-at="2020-10-11T00:46:09 EDT" duration-ms="36628" status="PASS">
          <reporter-output>
          </reporter-output>
        </test-method> <!-- searchTest -->
        <test-method is-config="true" signature="tearDown()[pri:0, instance:com.test.Search_GitDemo@7219ec67]" started-at="2020-10-11T00:46:09 EDT" name="tearDown" finished-at="2020-10-11T00:46:10 EDT" duration-ms="775" status="PASS">
          <reporter-output>
          </reporter-output>
        </test-method> <!-- tearDown -->
      </class> <!-- com.test.Search_GitDemo -->
    </test> <!-- Default test -->
  </suite> <!-- Default suite -->
</testng-results>
